#
# There is insufficient memory for the Java Runtime Environment to continue.
# Native memory allocation (mmap) failed to map 130023424 bytes. Error detail: G1 virtual space
# Possible reasons:
#   The system is out of physical RAM or swap space
#   This process is running with CompressedOops enabled, and the Java Heap may be blocking the growth of the native heap
# Possible solutions:
#   Reduce memory load on the system
#   Increase physical memory or swap space
#   Check if swap backing store is full
#   Decrease Java heap size (-Xmx/-Xms)
#   Decrease number of Java threads
#   Decrease Java thread stack sizes (-Xss)
#   Set larger code cache with -XX:ReservedCodeCacheSize=
#   JVM is running with Unscaled Compressed Oops mode in which the Java heap is
#     placed in the first 4GB address space. The Java Heap base address is the
#     maximum limit for the native heap growth. Please use -XX:HeapBaseMinAddress
#     to set the Java Heap base and to place the Java Heap above 4GB virtual address.
# This output file may be truncated or incomplete.
#
#  Out of Memory Error (os_windows.cpp:3631), pid=2708, tid=7540
#
# JRE version:  (22.0.2+9) (build )
# Java VM: Java HotSpot(TM) 64-Bit Server VM (22.0.2+9-70, mixed mode, sharing, tiered, compressed oops, compressed class ptrs, g1 gc, windows-amd64)
# No core dump will be written. Minidumps are not enabled by default on client versions of Windows
#

---------------  S U M M A R Y ------------

Command Line: -javaagent:C:\Program Files\JetBrains\IntelliJ IDEA 2024.2.1\lib\idea_rt.jar=51958:C:\Program Files\JetBrains\IntelliJ IDEA 2024.2.1\bin -Dfile.encoding=UTF-8 -Dsun.stdout.encoding=UTF-8 -Dsun.stderr.encoding=UTF-8 TelaPrincipal

Host: 11th Gen Intel(R) Core(TM) i5-1135G7 @ 2.40GHz, 8 cores, 7G,  Windows 11 , 64 bit Build 22621 (10.0.22621.3958)
Time: Tue Sep  3 16:32:07 2024 Hora oficial do Brasil elapsed time: 0.045613 seconds (0d 0h 0m 0s)

---------------  T H R E A D  ---------------

Current thread (0x000002d524df5430):  JavaThread "Unknown thread" [_thread_in_vm, id=7540, stack(0x000000f74cb00000,0x000000f74cc00000) (1024K)]

Stack: [0x000000f74cb00000,0x000000f74cc00000]
Native frames: (J=compiled Java code, j=interpreted, Vv=VM code, C=native code)
V  [jvm.dll+0x6e26e9]  (no source info available)
V  [jvm.dll+0x875753]  (no source info available)
V  [jvm.dll+0x877b7e]  (no source info available)
V  [jvm.dll+0x878253]  (no source info available)
V  [jvm.dll+0x27fc86]  (no source info available)
V  [jvm.dll+0x6ded85]  (no source info available)
V  [jvm.dll+0x6d388a]  (no source info available)
V  [jvm.dll+0x358b8a]  (no source info available)
V  [jvm.dll+0x3610b6]  (no source info available)
V  [jvm.dll+0x3b419e]  (no source info available)
V  [jvm.dll+0x3b4448]  (no source info available)
V  [jvm.dll+0x32c5ec]  (no source info available)
V  [jvm.dll+0x32d258]  (no source info available)
V  [jvm.dll+0x83d5ac]  (no source info available)
V  [jvm.dll+0x3c10d1]  (no source info available)
V  [jvm.dll+0x8264cc]  (no source info available)
V  [jvm.dll+0x45bd5e]  (no source info available)
V  [jvm.dll+0x45dbe1]  (no source info available)
C  [jli.dll+0x52a3]  (no source info available)
C  [ucrtbase.dll+0x29333]  (no source info available)
C  [KERNEL32.DLL+0x1257d]  (no source info available)
C  [ntdll.dll+0x5af28]  (no source info available)


---------------  P R O C E S S  ---------------

Threads class SMR info:
_java_thread_list=0x00007ffc1da4c1c8, length=0, elements={
}

Java Threads: ( => current thread )
Total: 0

Other Threads:
  0x000002d5250d34a0 WorkerThread "GC Thread#0"                     [id=13332, stack(0x000000f74cc00000,0x000000f74cd00000) (1024K)]
  0x000002d5250e3c10 ConcurrentGCThread "G1 Main Marker"            [id=14796, stack(0x000000f74cd00000,0x000000f74ce00000) (1024K)]
  0x000002d5250e48d0 WorkerThread "G1 Conc#0"                       [id=2580, stack(0x000000f74ce00000,0x000000f74cf00000) (1024K)]

[error occurred during error reporting (printing all threads), id 0xc0000005, EXCEPTION_ACCESS_VIOLATION (0xc0000005) at pc=0x00007ffc1d19f517]
VM state: not at safepoint (not fully initialized)

VM Mutex/Monitor currently owned by a thread:  ([mutex/lock_event])
[0x00007ffc1daccc80] Heap_lock - owner thread: 0x000002d524df5430

Heap address: 0x0000000084400000, size: 1980 MB, Compressed Oops mode: 32-bit

CDS archive(s) mapped at: [0x0000000000000000-0x0000000000000000-0x0000000000000000), size 0, SharedBaseAddress: 0x0000000800000000, ArchiveRelocationMode: 1.
Narrow klass base: 0x0000000000000000, Narrow klass shift: 0, Narrow klass range: 0x0

GC Precious Log:
 CardTable entry size: 512
 Card Set container configuration: InlinePtr #cards 5 size 8 Array Of Cards #cards 12 size 40 Howl #buckets 4 coarsen threshold 1843 Howl Bitmap #cards 512 size 80 coarsen threshold 460 Card regions per heap region 1 cards per card region 2048

Heap:
 garbage-first heap   total reserved 2027520K, committed 0K, used 0K [0x0000000084400000, 0x0000000100000000)
  region size 1024K, 0 young (0K), 0 survivors (0K)

[error occurred during error reporting (printing heap information), id 0xc0000005, EXCEPTION_ACCESS_VIOLATION (0xc0000005) at pc=0x00007ffc1d59e869]
GC Heap History (0 events):
No events

Dll operation events (1 events):
Event: 0.033 Loaded shared library C:\Program Files\Java\jdk-22\bin\java.dll

Deoptimization events (0 events):
No events

Classes loaded (0 events):
No events

Classes unloaded (0 events):
No events

Classes redefined (0 events):
No events

Internal exceptions (0 events):
No events

ZGC Phase Switch (0 events):
No events

VM Operations (0 events):
No events

Memory protections (0 events):
No events

Nmethod flushes (0 events):
No events

Events (0 events):
No events


Dynamic libraries:
0x00007ff614b20000 - 0x00007ff614b30000 	C:\Program Files\Java\jdk-22\bin\java.exe
0x00007ffcbd090000 - 0x00007ffcbd2a7000 	C:\Windows\SYSTEM32\ntdll.dll
0x00007ffcbb1f0000 - 0x00007ffcbb2b4000 	C:\Windows\System32\KERNEL32.DLL
0x00007ffcba500000 - 0x00007ffcba8ad000 	C:\Windows\System32\KERNELBASE.dll
0x00007ffcba8b0000 - 0x00007ffcba9c1000 	C:\Windows\System32\ucrtbase.dll
0x00007ffc97780000 - 0x00007ffc97797000 	C:\Program Files\Java\jdk-22\bin\jli.dll
0x00007ffcbcc80000 - 0x00007ffcbce2e000 	C:\Windows\System32\USER32.dll
0x00007ffcba4d0000 - 0x00007ffcba4f6000 	C:\Windows\System32\win32u.dll
0x00007ffcbbaa0000 - 0x00007ffcbbac9000 	C:\Windows\System32\GDI32.dll
0x00007ffcba3b0000 - 0x00007ffcba4c9000 	C:\Windows\System32\gdi32full.dll
0x00007ffcbab40000 - 0x00007ffcbabda000 	C:\Windows\System32\msvcp_win.dll
0x00007ffc93910000 - 0x00007ffc9392b000 	C:\Program Files\Java\jdk-22\bin\VCRUNTIME140.dll
0x00007ffc92130000 - 0x00007ffc923c3000 	C:\Windows\WinSxS\amd64_microsoft.windows.common-controls_6595b64144ccf1df_6.0.22621.3672_none_2713b9d173822955\COMCTL32.dll
0x00007ffcbca70000 - 0x00007ffcbcb17000 	C:\Windows\System32\msvcrt.dll
0x00007ffcbb1b0000 - 0x00007ffcbb1e1000 	C:\Windows\System32\IMM32.DLL
0x00007ffc97e20000 - 0x00007ffc97e2c000 	C:\Program Files\Java\jdk-22\bin\vcruntime140_1.dll
0x00007ffc6ca50000 - 0x00007ffc6cade000 	C:\Program Files\Java\jdk-22\bin\msvcp140.dll
0x00007ffc1ce60000 - 0x00007ffc1dba9000 	C:\Program Files\Java\jdk-22\bin\server\jvm.dll
0x00007ffcbaea0000 - 0x00007ffcbaf52000 	C:\Windows\System32\ADVAPI32.dll
0x00007ffcbb9f0000 - 0x00007ffcbba99000 	C:\Windows\System32\sechost.dll
0x00007ffcbad10000 - 0x00007ffcbad38000 	C:\Windows\System32\bcrypt.dll
0x00007ffcbc420000 - 0x00007ffcbc534000 	C:\Windows\System32\RPCRT4.dll
0x00007ffcbc540000 - 0x00007ffcbc5b1000 	C:\Windows\System32\WS2_32.dll
0x00007ffcb2e30000 - 0x00007ffcb2e64000 	C:\Windows\SYSTEM32\WINMM.dll
0x00007ffcb2d60000 - 0x00007ffcb2d6a000 	C:\Windows\SYSTEM32\VERSION.dll
0x00007ffcb9c50000 - 0x00007ffcb9c9d000 	C:\Windows\SYSTEM32\POWRPROF.dll
0x00007ffcb9c30000 - 0x00007ffcb9c43000 	C:\Windows\SYSTEM32\UMPDC.dll
0x00007ffcb92d0000 - 0x00007ffcb92e8000 	C:\Windows\SYSTEM32\kernel.appcore.dll
0x00007ffc939a0000 - 0x00007ffc939aa000 	C:\Program Files\Java\jdk-22\bin\jimage.dll
0x00007ffcb7970000 - 0x00007ffcb7ba2000 	C:\Windows\SYSTEM32\DBGHELP.DLL
0x00007ffcbc5c0000 - 0x00007ffcbc94e000 	C:\Windows\System32\combase.dll
0x00007ffcbc340000 - 0x00007ffcbc417000 	C:\Windows\System32\OLEAUT32.dll
0x00007ffc7d540000 - 0x00007ffc7d572000 	C:\Windows\SYSTEM32\dbgcore.DLL
0x00007ffcbad40000 - 0x00007ffcbadbb000 	C:\Windows\System32\bcryptPrimitives.dll
0x00007ffc91840000 - 0x00007ffc9184f000 	C:\Program Files\Java\jdk-22\bin\instrument.dll
0x00007ffc91150000 - 0x00007ffc9116e000 	C:\Program Files\Java\jdk-22\bin\java.dll
0x00007ffcbbad0000 - 0x00007ffcbc337000 	C:\Windows\System32\SHELL32.dll
0x00007ffcbb840000 - 0x00007ffcbb9e5000 	C:\Windows\System32\ole32.dll

dbghelp: loaded successfully - version: 4.0.5 - missing functions: none
symbol engine: initialized successfully - sym options: 0x614 - pdb path: .;C:\Program Files\Java\jdk-22\bin;C:\Windows\SYSTEM32;C:\Windows\WinSxS\amd64_microsoft.windows.common-controls_6595b64144ccf1df_6.0.22621.3672_none_2713b9d173822955;C:\Program Files\Java\jdk-22\bin\server

VM Arguments:
jvm_args: -javaagent:C:\Program Files\JetBrains\IntelliJ IDEA 2024.2.1\lib\idea_rt.jar=51958:C:\Program Files\JetBrains\IntelliJ IDEA 2024.2.1\bin -Dfile.encoding=UTF-8 -Dsun.stdout.encoding=UTF-8 -Dsun.stderr.encoding=UTF-8 
java_command: TelaPrincipal
java_class_path (initial): C:\Users\LUANVITOR\OneDrive - Welington Henrique Baggio\Área de Trabalho\Geral\00. Works\Livre_Escolha_Utilities\target\classes;C:\Users\LUANVITOR\.m2\repository\com\formdev\flatlaf\3.5.1\flatlaf-3.5.1.jar;C:\Users\LUANVITOR\.m2\repository\com\formdev\flatlaf-intellij-themes\3.5.1\flatlaf-intellij-themes-3.5.1.jar;C:\Users\LUANVITOR\.m2\repository\org\apache\poi\poi\5.2.3\poi-5.2.3.jar;C:\Users\LUANVITOR\.m2\repository\commons-codec\commons-codec\1.15\commons-codec-1.15.jar;C:\Users\LUANVITOR\.m2\repository\org\apache\commons\commons-collections4\4.4\commons-collections4-4.4.jar;C:\Users\LUANVITOR\.m2\repository\org\apache\commons\commons-math3\3.6.1\commons-math3-3.6.1.jar;C:\Users\LUANVITOR\.m2\repository\commons-io\commons-io\2.11.0\commons-io-2.11.0.jar;C:\Users\LUANVITOR\.m2\repository\com\zaxxer\SparseBitSet\1.2\SparseBitSet-1.2.jar;C:\Users\LUANVITOR\.m2\repository\org\apache\poi\poi-ooxml\5.2.3\poi-ooxml-5.2.3.jar;C:\Users\LUANVITOR\.m2\repository\org\apache\poi\poi-ooxml-lite\5.2.3\poi-ooxml-lite-5.2.3.jar;C:\Users\LUANVITOR\.m2\repository\org\apache\xmlbeans\xmlbeans\5.1.1\xmlbeans-5.1.1.jar;C:\Users\LUANVITOR\.m2\repository\com\github\virtuald\curvesapi\1.07\curvesapi-1.07.jar;C:\Users\LUANVITOR\.m2\repository\org\apache\poi\poi-ooxml-schemas\4.1.2\poi-ooxml-schemas-4.1.2.jar;C:\Users\LUANVITOR\.m2\repository\org\apache\commons\commons-compress\1.21\commons-compress-1.21.jar;C:\Users\LUANVITOR\.m2\repository\org\apache\logging\log4j\log4j-api\2.20.0\log4j-api-2.20.0.jar;C:\Users\LUANVITOR\.m2\repository\org\apache\logging\log4j\log4j-core\2.20.0\log4j-core-2.20.0.jar
Launcher Type: SUN_STANDARD

[Global flags]
     intx CICompilerCount                          = 4                                         {product} {ergonomic}
     uint ConcGCThreads                            = 2                                         {product} {ergonomic}
     uint G1ConcRefinementThreads                  = 8                                         {product} {ergonomic}
   size_t G1HeapRegionSize                         = 1048576                                   {product} {ergonomic}
   size_t InitialHeapSize                          = 130023424                                 {product} {ergonomic}
   size_t MarkStackSize                            = 4194304                                   {product} {ergonomic}
   size_t MaxHeapSize                              = 2076180480                                {product} {ergonomic}
   size_t MinHeapDeltaBytes                        = 1048576                                   {product} {ergonomic}
   size_t MinHeapSize                              = 8388608                                   {product} {ergonomic}
    uintx NonNMethodCodeHeapSize                   = 5839372                                {pd product} {ergonomic}
    uintx NonProfiledCodeHeapSize                  = 122909434                              {pd product} {ergonomic}
    uintx ProfiledCodeHeapSize                     = 122909434                              {pd product} {ergonomic}
    uintx ReservedCodeCacheSize                    = 251658240                              {pd product} {ergonomic}
     bool SegmentedCodeCache                       = true                                      {product} {ergonomic}
   size_t SoftMaxHeapSize                          = 2076180480                             {manageable} {ergonomic}
     bool UseCompressedOops                        = true                           {product lp64_product} {ergonomic}
     bool UseG1GC                                  = true                                      {product} {ergonomic}
     bool UseLargePagesIndividualAllocation        = false                                  {pd product} {ergonomic}

Logging:
Log output configuration:
 #0: stdout all=warning uptime,level,tags foldmultilines=false
 #1: stderr all=off uptime,level,tags foldmultilines=false

Environment Variables:
JAVA_HOME=C:\Program Files\Java\jdk-22
PATH=C:\Python312\Scripts\;C:\Python312\;C:\Program Files\Common Files\Oracle\Java\javapath;C:\Windows\system32;C:\Windows;C:\Windows\System32\Wbem;C:\Windows\System32\WindowsPowerShell\v1.0\;C:\Windows\System32\OpenSSH\;C:\Program Files\dotnet\;C:\ProgramData\chocolatey\bin;C:\Program Files\Git\cmd;C:\apache-maven-3.9.9\bin;C:\Program Files\nodejs\;C:\Program Files\platform-tools;C:\Users\LUANVITOR\AppData\Local\Microsoft\WindowsApps;C:\Users\LUANVITOR\.dotnet\tools;C:\Users\LUANVITOR\AppData\Local\Microsoft\WinGet\Packages\Schniz.fnm_Microsoft.Winget.Source_8wekyb3d8bbwe;C:\Program Files\JetBrains\IntelliJ IDEA 2024.2.1\bin;;C:\Users\LUANVITOR\AppData\Roaming\npm;C:\Users\LUANVITOR\AppData\Local\Programs\Microsoft VS Code\bin
USERNAME=LUANVITOR
OS=Windows_NT
PROCESSOR_IDENTIFIER=Intel64 Family 6 Model 140 Stepping 1, GenuineIntel
TMP=C:\Users\LUANVI~1\AppData\Local\Temp
TEMP=C:\Users\LUANVI~1\AppData\Local\Temp




Periodic native trim disabled

---------------  S Y S T E M  ---------------

OS:
 Windows 11 , 64 bit Build 22621 (10.0.22621.3958)
OS uptime: 0 days 0:18 hours
Hyper-V role detected

CPU: total 8 (initial active 8) (4 cores per cpu, 2 threads per core) family 6 model 140 stepping 1 microcode 0x8a, cx8, cmov, fxsr, ht, mmx, 3dnowpref, sse, sse2, sse3, ssse3, sse4.1, sse4.2, popcnt, lzcnt, tsc, tscinvbit, avx, avx2, aes, erms, clmul, bmi1, bmi2, adx, avx512f, avx512dq, avx512cd, avx512bw, avx512vl, sha, fma, vzeroupper, avx512_vpopcntdq, avx512_vpclmulqdq, avx512_vaes, avx512_vnni, clflush, clflushopt, clwb, avx512_vbmi2, avx512_vbmi, hv, rdtscp, rdpid, fsrm, gfni, avx512_bitalg, f16c, cet_ibt, cet_ss, avx512_ifma
Processor Information for all 8 processors :
  Max Mhz: 2419, Current Mhz: 2419, Mhz Limit: 2419

Memory: 4k page, system-wide physical 7915M (391M free)
TotalPageFile size 32491M (AvailPageFile size 57M)
current process WorkingSet (physical memory assigned to process): 12M, peak: 12M
current process commit charge ("private bytes"): 61M, peak: 184M

vm_info: Java HotSpot(TM) 64-Bit Server VM (22.0.2+9-70) for windows-amd64 JRE (22.0.2+9-70), built on 2024-06-04T16:52:23Z by "mach5one" with MS VC++ 17.6 (VS2022)

END.
