

Version:	3.50
CmdLine:	C:\Users\LUANVITOR\Desktop\Geral\00. Works\Concluded\My.Alterar_Nomes\java\out\app\Alt Name.exe --l4j-debug
JNI:		No
WOW64:		Yes
Working dir:	C:\Users\LUANVITOR\Desktop\Geral\00. Works\Concluded\My.Alterar_Nomes\java\out\app\.
Requires JDK:	No
Requires 64-Bit: No
Java min ver:	
Java max ver:	
Substitute:	JAVA_HOME = C:\Program Files\Java\jre1.8.0_421\jdk-22
Substitute:	PATH = C:\Program Files\Common Files\Oracle\Java\javapath;C:\Windows\system32;C:\Windows;C:\Windows\System32\Wbem;C:\Windows\System32\WindowsPowerShell\v1.0\;C:\Windows\System32\OpenSSH\;C:\Program Files\dotnet\;C:\Program Files\nodejs\;C:\ProgramData\chocolatey\bin;C:\Program Files\Git\cmd;C:\Program Files\Docker\Docker\resources\bin;C:\Program Files\platform-tools;C:\Users\LUANVITOR\AppData\Local\Programs\Python\Launcher\;C:\Users\LUANVITOR\AppData\Local\Microsoft\WindowsApps;C:\Users\LUANVITOR\AppData\Local\Programs\Microsoft VS Code\bin;C:\Users\LUANVITOR\.dotnet\tools;C:\Users\LUANVITOR\AppData\Local\Microsoft\WinGet\Packages\Schniz.fnm_Microsoft.Winget.Source_8wekyb3d8bbwe;C:\Users\LUANVITOR\AppData\Roaming\npm;C:\Users\LUANVITOR\AppData\Local\GitHubDesktop\bin;C:\Program Files\Java\jre1.8.0_421\bin
JRE paths:	C:\Program Files\Java\jre1.8.0_421\jdk-22;C:\Program Files\Common Files\Oracle\Java\javapath;C:\Windows\system32;C:\Windows;C:\Windows\System32\Wbem;C:\Windows\System32\WindowsPowerShell\v1.0\;C:\Windows\System32\OpenSSH\;C:\Program Files\dotnet\;C:\Program Files\nodejs\;C:\ProgramData\chocolatey\bin;C:\Program Files\Git\cmd;C:\Program Files\Docker\Docker\resources\bin;C:\Program Files\platform-tools;C:\Users\LUANVITOR\AppData\Local\Programs\Python\Launcher\;C:\Users\LUANVITOR\AppData\Local\Microsoft\WindowsApps;C:\Users\LUANVITOR\AppData\Local\Programs\Microsoft VS Code\bin;C:\Users\LUANVITOR\.dotnet\tools;C:\Users\LUANVITOR\AppData\Local\Microsoft\WinGet\Packages\Schniz.fnm_Microsoft.Winget.Source_8wekyb3d8bbwe;C:\Users\LUANVITOR\AppData\Roaming\npm;C:\Users\LUANVITOR\AppData\Local\GitHubDesktop\bin;C:\Program Files\Java\jre1.8.0_421\bin
Check launcher:	C:\Program Files\Java\jre1.8.0_421\jdk-22\bin\javaw.exe (not found)
Check launcher:	C:\Program Files\Common Files\Oracle\Java\javapath\bin\javaw.exe (not found)
Check launcher:	C:\Windows\system32\bin\javaw.exe (not found)
Check launcher:	C:\Windows\bin\javaw.exe (not found)
Check launcher:	C:\Windows\System32\Wbem\bin\javaw.exe (not found)
Check launcher:	C:\Windows\System32\WindowsPowerShell\v1.0\bin\javaw.exe (not found)
Check launcher:	C:\Windows\System32\OpenSSH\bin\javaw.exe (not found)
Check launcher:	C:\Program Files\dotnet\bin\javaw.exe (not found)
Check launcher:	C:\Program Files\nodejs\bin\javaw.exe (not found)
Check launcher:	C:\ProgramData\chocolatey\bin\javaw.exe (not found)
Check launcher:	C:\Program Files\Git\cmd\bin\javaw.exe (not found)
Check launcher:	C:\Program Files\Docker\Docker\resources\bin\javaw.exe (not found)
Check launcher:	C:\Program Files\platform-tools\bin\javaw.exe (not found)
Check launcher:	C:\Users\LUANVITOR\AppData\Local\Programs\Python\Launcher\bin\javaw.exe (not found)
Check launcher:	C:\Users\LUANVITOR\AppData\Local\Microsoft\WindowsApps\bin\javaw.exe (not found)
Check launcher:	C:\Users\LUANVITOR\AppData\Local\Programs\Microsoft VS Code\bin\javaw.exe (not found)
Check launcher:	C:\Users\LUANVITOR\.dotnet\tools\bin\javaw.exe (not found)
Check launcher:	C:\Users\LUANVITOR\AppData\Local\Microsoft\WinGet\Packages\Schniz.fnm_Microsoft.Winget.Source_8wekyb3d8bbwe\bin\javaw.exe (not found)
Check launcher:	C:\Users\LUANVITOR\AppData\Roaming\npm\bin\javaw.exe (not found)
Check launcher:	C:\Users\LUANVITOR\AppData\Local\GitHubDesktop\bin\javaw.exe (not found)
Check launcher:	C:\Program Files\Java\jre1.8.0_421\bin\javaw.exe (OK)
Version string: 1.008.000_421 / 64-Bit (OK)
Launcher:	C:\Program Files\Java\jre1.8.0_421\bin\javaw.exe
Launcher args:	-jar "C:\Users\LUANVITOR\Desktop\Geral\00. Works\Concluded\My.Alterar_Nomes\java\out\app\Alt Name.exe"
Args length:	102/32768 chars
Exit code:	0


Version:	3.50
CmdLine:	C:\Users\LUANVITOR\Desktop\Geral\00. Works\Concluded\My.Alterar_Nomes\java\out\app\Alt Name.exe --l4j-debug
JNI:		No
WOW64:		Yes
Working dir:	C:\Users\LUANVITOR\Desktop\Geral\00. Works\Concluded\My.Alterar_Nomes\java\out\app\.
Requires JDK:	No
Requires 64-Bit: No
Java min ver:	
Java max ver:	
Substitute:	JAVA_HOME = C:\Program Files\Java\jre1.8.0_421\jdk-22
Substitute:	PATH = C:\Program Files\Common Files\Oracle\Java\javapath;C:\Windows\system32;C:\Windows;C:\Windows\System32\Wbem;C:\Windows\System32\WindowsPowerShell\v1.0\;C:\Windows\System32\OpenSSH\;C:\Program Files\dotnet\;C:\Program Files\nodejs\;C:\ProgramData\chocolatey\bin;C:\Program Files\Git\cmd;C:\Program Files\Docker\Docker\resources\bin;C:\Program Files\platform-tools;C:\Users\LUANVITOR\AppData\Local\Programs\Python\Launcher\;C:\Users\LUANVITOR\AppData\Local\Microsoft\WindowsApps;C:\Users\LUANVITOR\AppData\Local\Programs\Microsoft VS Code\bin;C:\Users\LUANVITOR\.dotnet\tools;C:\Users\LUANVITOR\AppData\Local\Microsoft\WinGet\Packages\Schniz.fnm_Microsoft.Winget.Source_8wekyb3d8bbwe;C:\Users\LUANVITOR\AppData\Roaming\npm;C:\Users\LUANVITOR\AppData\Local\GitHubDesktop\bin;C:\Program Files\Java\jre1.8.0_421\bin
JRE paths:	C:\Program Files\Java\jre1.8.0_421\jdk-22;C:\Program Files\Common Files\Oracle\Java\javapath;C:\Windows\system32;C:\Windows;C:\Windows\System32\Wbem;C:\Windows\System32\WindowsPowerShell\v1.0\;C:\Windows\System32\OpenSSH\;C:\Program Files\dotnet\;C:\Program Files\nodejs\;C:\ProgramData\chocolatey\bin;C:\Program Files\Git\cmd;C:\Program Files\Docker\Docker\resources\bin;C:\Program Files\platform-tools;C:\Users\LUANVITOR\AppData\Local\Programs\Python\Launcher\;C:\Users\LUANVITOR\AppData\Local\Microsoft\WindowsApps;C:\Users\LUANVITOR\AppData\Local\Programs\Microsoft VS Code\bin;C:\Users\LUANVITOR\.dotnet\tools;C:\Users\LUANVITOR\AppData\Local\Microsoft\WinGet\Packages\Schniz.fnm_Microsoft.Winget.Source_8wekyb3d8bbwe;C:\Users\LUANVITOR\AppData\Roaming\npm;C:\Users\LUANVITOR\AppData\Local\GitHubDesktop\bin;C:\Program Files\Java\jre1.8.0_421\bin
Check launcher:	C:\Program Files\Java\jre1.8.0_421\jdk-22\bin\javaw.exe (not found)
Check launcher:	C:\Program Files\Common Files\Oracle\Java\javapath\bin\javaw.exe (not found)
Check launcher:	C:\Windows\system32\bin\javaw.exe (not found)
Check launcher:	C:\Windows\bin\javaw.exe (not found)
Check launcher:	C:\Windows\System32\Wbem\bin\javaw.exe (not found)
Check launcher:	C:\Windows\System32\WindowsPowerShell\v1.0\bin\javaw.exe (not found)
Check launcher:	C:\Windows\System32\OpenSSH\bin\javaw.exe (not found)
Check launcher:	C:\Program Files\dotnet\bin\javaw.exe (not found)
Check launcher:	C:\Program Files\nodejs\bin\javaw.exe (not found)
Check launcher:	C:\ProgramData\chocolatey\bin\javaw.exe (not found)
Check launcher:	C:\Program Files\Git\cmd\bin\javaw.exe (not found)
Check launcher:	C:\Program Files\Docker\Docker\resources\bin\javaw.exe (not found)
Check launcher:	C:\Program Files\platform-tools\bin\javaw.exe (not found)
Check launcher:	C:\Users\LUANVITOR\AppData\Local\Programs\Python\Launcher\bin\javaw.exe (not found)
Check launcher:	C:\Users\LUANVITOR\AppData\Local\Microsoft\WindowsApps\bin\javaw.exe (not found)
Check launcher:	C:\Users\LUANVITOR\AppData\Local\Programs\Microsoft VS Code\bin\javaw.exe (not found)
Check launcher:	C:\Users\LUANVITOR\.dotnet\tools\bin\javaw.exe (not found)
Check launcher:	C:\Users\LUANVITOR\AppData\Local\Microsoft\WinGet\Packages\Schniz.fnm_Microsoft.Winget.Source_8wekyb3d8bbwe\bin\javaw.exe (not found)
Check launcher:	C:\Users\LUANVITOR\AppData\Roaming\npm\bin\javaw.exe (not found)
Check launcher:	C:\Users\LUANVITOR\AppData\Local\GitHubDesktop\bin\javaw.exe (not found)
Check launcher:	C:\Program Files\Java\jre1.8.0_421\bin\javaw.exe (OK)
Version string: 1.008.000_421 / 64-Bit (OK)
Launcher:	C:\Program Files\Java\jre1.8.0_421\bin\javaw.exe
Launcher args:	-jar "C:\Users\LUANVITOR\Desktop\Geral\00. Works\Concluded\My.Alterar_Nomes\java\out\app\Alt Name.exe"
Args length:	102/32768 chars
Exit code:	0


Version:	3.50
CmdLine:	C:\Users\LUANVITOR\Desktop\Geral\00. Works\Concluded\My.Alterar_Nomes\java\out\app\LE_Alt_Nomes.exe --l4j-debug
JNI:		No
WOW64:		Yes
Working dir:	C:\Users\LUANVITOR\Desktop\Geral\00. Works\Concluded\My.Alterar_Nomes\java\out\app\.
Requires JDK:	No
Requires 64-Bit: No
Java min ver:	1.001.000
Java max ver:	
Substitute:	JAVA_HOME = C:\Program Files\Java\jre1.8.0_421\jdk-22
Substitute:	PATH = C:\Program Files\Common Files\Oracle\Java\javapath;C:\Windows\system32;C:\Windows;C:\Windows\System32\Wbem;C:\Windows\System32\WindowsPowerShell\v1.0\;C:\Windows\System32\OpenSSH\;C:\Program Files\dotnet\;C:\Program Files\nodejs\;C:\ProgramData\chocolatey\bin;C:\Program Files\Git\cmd;C:\Program Files\Docker\Docker\resources\bin;C:\Program Files\platform-tools;C:\Users\LUANVITOR\AppData\Local\Programs\Python\Launcher\;C:\Users\LUANVITOR\AppData\Local\Microsoft\WindowsApps;C:\Users\LUANVITOR\AppData\Local\Programs\Microsoft VS Code\bin;C:\Users\LUANVITOR\.dotnet\tools;C:\Users\LUANVITOR\AppData\Local\Microsoft\WinGet\Packages\Schniz.fnm_Microsoft.Winget.Source_8wekyb3d8bbwe;C:\Users\LUANVITOR\AppData\Roaming\npm;C:\Users\LUANVITOR\AppData\Local\GitHubDesktop\bin;C:\Program Files\Java\jre1.8.0_421\bin
JRE paths:	C:\Program Files\Java\jre1.8.0_421\jdk-22;C:\Program Files\Common Files\Oracle\Java\javapath;C:\Windows\system32;C:\Windows;C:\Windows\System32\Wbem;C:\Windows\System32\WindowsPowerShell\v1.0\;C:\Windows\System32\OpenSSH\;C:\Program Files\dotnet\;C:\Program Files\nodejs\;C:\ProgramData\chocolatey\bin;C:\Program Files\Git\cmd;C:\Program Files\Docker\Docker\resources\bin;C:\Program Files\platform-tools;C:\Users\LUANVITOR\AppData\Local\Programs\Python\Launcher\;C:\Users\LUANVITOR\AppData\Local\Microsoft\WindowsApps;C:\Users\LUANVITOR\AppData\Local\Programs\Microsoft VS Code\bin;C:\Users\LUANVITOR\.dotnet\tools;C:\Users\LUANVITOR\AppData\Local\Microsoft\WinGet\Packages\Schniz.fnm_Microsoft.Winget.Source_8wekyb3d8bbwe;C:\Users\LUANVITOR\AppData\Roaming\npm;C:\Users\LUANVITOR\AppData\Local\GitHubDesktop\bin;C:\Program Files\Java\jre1.8.0_421\bin
Check launcher:	C:\Program Files\Java\jre1.8.0_421\jdk-22\bin\javaw.exe (not found)
Check launcher:	C:\Program Files\Common Files\Oracle\Java\javapath\bin\javaw.exe (not found)
Check launcher:	C:\Windows\system32\bin\javaw.exe (not found)
Check launcher:	C:\Windows\bin\javaw.exe (not found)
Check launcher:	C:\Windows\System32\Wbem\bin\javaw.exe (not found)
Check launcher:	C:\Windows\System32\WindowsPowerShell\v1.0\bin\javaw.exe (not found)
Check launcher:	C:\Windows\System32\OpenSSH\bin\javaw.exe (not found)
Check launcher:	C:\Program Files\dotnet\bin\javaw.exe (not found)
Check launcher:	C:\Program Files\nodejs\bin\javaw.exe (not found)
Check launcher:	C:\ProgramData\chocolatey\bin\javaw.exe (not found)
Check launcher:	C:\Program Files\Git\cmd\bin\javaw.exe (not found)
Check launcher:	C:\Program Files\Docker\Docker\resources\bin\javaw.exe (not found)
Check launcher:	C:\Program Files\platform-tools\bin\javaw.exe (not found)
Check launcher:	C:\Users\LUANVITOR\AppData\Local\Programs\Python\Launcher\bin\javaw.exe (not found)
Check launcher:	C:\Users\LUANVITOR\AppData\Local\Microsoft\WindowsApps\bin\javaw.exe (not found)
Check launcher:	C:\Users\LUANVITOR\AppData\Local\Programs\Microsoft VS Code\bin\javaw.exe (not found)
Check launcher:	C:\Users\LUANVITOR\.dotnet\tools\bin\javaw.exe (not found)
Check launcher:	C:\Users\LUANVITOR\AppData\Local\Microsoft\WinGet\Packages\Schniz.fnm_Microsoft.Winget.Source_8wekyb3d8bbwe\bin\javaw.exe (not found)
Check launcher:	C:\Users\LUANVITOR\AppData\Roaming\npm\bin\javaw.exe (not found)
Check launcher:	C:\Users\LUANVITOR\AppData\Local\GitHubDesktop\bin\javaw.exe (not found)
Check launcher:	C:\Program Files\Java\jre1.8.0_421\bin\javaw.exe (OK)
Version string: 1.008.000_421 / 64-Bit (OK)
Launcher:	C:\Program Files\Java\jre1.8.0_421\bin\javaw.exe
Launcher args:	-jar "C:\Users\LUANVITOR\Desktop\Geral\00. Works\Concluded\My.Alterar_Nomes\java\out\app\LE_Alt_Nomes.exe"
Args length:	106/32768 chars
Exit code:	0


Version:	3.50
CmdLine:	C:\Users\LUANVITOR\Desktop\Geral\00. Works\Concluded\My.Alterar_Nomes\java\out\app\LE_Alt_Nomes.exe --l4j-debug
JNI:		No
WOW64:		Yes
Working dir:	C:\Users\LUANVITOR\Desktop\Geral\00. Works\Concluded\My.Alterar_Nomes\java\out\app\.
Requires JDK:	No
Requires 64-Bit: No
Java min ver:	1.001.000
Java max ver:	
Substitute:	JAVA_HOME = C:\Program Files\Java\jre1.8.0_421\jdk-22
Substitute:	PATH = C:\Program Files\Common Files\Oracle\Java\javapath;C:\Windows\system32;C:\Windows;C:\Windows\System32\Wbem;C:\Windows\System32\WindowsPowerShell\v1.0\;C:\Windows\System32\OpenSSH\;C:\Program Files\dotnet\;C:\Program Files\nodejs\;C:\ProgramData\chocolatey\bin;C:\Program Files\Git\cmd;C:\Program Files\Docker\Docker\resources\bin;C:\Program Files\platform-tools;C:\Users\LUANVITOR\AppData\Local\Programs\Python\Launcher\;C:\Users\LUANVITOR\AppData\Local\Microsoft\WindowsApps;C:\Users\LUANVITOR\AppData\Local\Programs\Microsoft VS Code\bin;C:\Users\LUANVITOR\.dotnet\tools;C:\Users\LUANVITOR\AppData\Local\Microsoft\WinGet\Packages\Schniz.fnm_Microsoft.Winget.Source_8wekyb3d8bbwe;C:\Users\LUANVITOR\AppData\Roaming\npm;C:\Users\LUANVITOR\AppData\Local\GitHubDesktop\bin;C:\Program Files\Java\jre1.8.0_421\bin
JRE paths:	C:\Program Files\Java\jre1.8.0_421\jdk-22;C:\Program Files\Common Files\Oracle\Java\javapath;C:\Windows\system32;C:\Windows;C:\Windows\System32\Wbem;C:\Windows\System32\WindowsPowerShell\v1.0\;C:\Windows\System32\OpenSSH\;C:\Program Files\dotnet\;C:\Program Files\nodejs\;C:\ProgramData\chocolatey\bin;C:\Program Files\Git\cmd;C:\Program Files\Docker\Docker\resources\bin;C:\Program Files\platform-tools;C:\Users\LUANVITOR\AppData\Local\Programs\Python\Launcher\;C:\Users\LUANVITOR\AppData\Local\Microsoft\WindowsApps;C:\Users\LUANVITOR\AppData\Local\Programs\Microsoft VS Code\bin;C:\Users\LUANVITOR\.dotnet\tools;C:\Users\LUANVITOR\AppData\Local\Microsoft\WinGet\Packages\Schniz.fnm_Microsoft.Winget.Source_8wekyb3d8bbwe;C:\Users\LUANVITOR\AppData\Roaming\npm;C:\Users\LUANVITOR\AppData\Local\GitHubDesktop\bin;C:\Program Files\Java\jre1.8.0_421\bin
Check launcher:	C:\Program Files\Java\jre1.8.0_421\jdk-22\bin\javaw.exe (not found)
Check launcher:	C:\Program Files\Common Files\Oracle\Java\javapath\bin\javaw.exe (not found)
Check launcher:	C:\Windows\system32\bin\javaw.exe (not found)
Check launcher:	C:\Windows\bin\javaw.exe (not found)
Check launcher:	C:\Windows\System32\Wbem\bin\javaw.exe (not found)
Check launcher:	C:\Windows\System32\WindowsPowerShell\v1.0\bin\javaw.exe (not found)
Check launcher:	C:\Windows\System32\OpenSSH\bin\javaw.exe (not found)
Check launcher:	C:\Program Files\dotnet\bin\javaw.exe (not found)
Check launcher:	C:\Program Files\nodejs\bin\javaw.exe (not found)
Check launcher:	C:\ProgramData\chocolatey\bin\javaw.exe (not found)
Check launcher:	C:\Program Files\Git\cmd\bin\javaw.exe (not found)
Check launcher:	C:\Program Files\Docker\Docker\resources\bin\javaw.exe (not found)
Check launcher:	C:\Program Files\platform-tools\bin\javaw.exe (not found)
Check launcher:	C:\Users\LUANVITOR\AppData\Local\Programs\Python\Launcher\bin\javaw.exe (not found)
Check launcher:	C:\Users\LUANVITOR\AppData\Local\Microsoft\WindowsApps\bin\javaw.exe (not found)
Check launcher:	C:\Users\LUANVITOR\AppData\Local\Programs\Microsoft VS Code\bin\javaw.exe (not found)
Check launcher:	C:\Users\LUANVITOR\.dotnet\tools\bin\javaw.exe (not found)
Check launcher:	C:\Users\LUANVITOR\AppData\Local\Microsoft\WinGet\Packages\Schniz.fnm_Microsoft.Winget.Source_8wekyb3d8bbwe\bin\javaw.exe (not found)
Check launcher:	C:\Users\LUANVITOR\AppData\Roaming\npm\bin\javaw.exe (not found)
Check launcher:	C:\Users\LUANVITOR\AppData\Local\GitHubDesktop\bin\javaw.exe (not found)
Check launcher:	C:\Program Files\Java\jre1.8.0_421\bin\javaw.exe (OK)
Version string: 1.008.000_421 / 64-Bit (OK)
Launcher:	C:\Program Files\Java\jre1.8.0_421\bin\javaw.exe
Launcher args:	-jar "C:\Users\LUANVITOR\Desktop\Geral\00. Works\Concluded\My.Alterar_Nomes\java\out\app\LE_Alt_Nomes.exe"
Args length:	106/32768 chars
Exit code:	0
